<?xml version="1.0" encoding="UTF-8"?>
<!-- Generated by org.testng.reporters.JUnitXMLReporter -->
<testsuite ignored="10" hostname="BLRL-10BHW33" failures="1" tests="1" name="Test" time="44.365" errors="0" timestamp="2021-08-22T18:58:44 IST">
  <testcase classname="iotConnect.DeleteRoomTest" name="deleteRoom" time="44.065">
    <failure type="org.openqa.selenium.NoSuchElementException" message="no such element: Unable to locate element: {&amp;quot;method&amp;quot;:&amp;quot;xpath&amp;quot;,&amp;quot;selector&amp;quot;:&amp;quot;//button[@id=&amp;apos;delRoomBtn&amp;apos;]&amp;quot;}
  (Session info: chrome=92.0.4515.159)
For documentation on this error, please visit: https://www.seleniumhq.org/exceptions/no_such_element.html
Build info: version: &amp;apos;3.141.59&amp;apos;, revision: &amp;apos;e82be7d358&amp;apos;, time: &amp;apos;2018-11-14T08:17:03&amp;apos;
System info: host: &amp;apos;BLRL-10BHW33&amp;apos;, ip: &amp;apos;192.168.0.108&amp;apos;, os.name: &amp;apos;Windows 10&amp;apos;, os.arch: &amp;apos;amd64&amp;apos;, os.version: &amp;apos;10.0&amp;apos;, java.version: &amp;apos;16.0.1&amp;apos;
Driver info: org.openqa.selenium.chrome.ChromeDriver
Capabilities {acceptInsecureCerts: false, browserName: chrome, browserVersion: 92.0.4515.159, chrome: {chromedriverVersion: 92.0.4515.107 (87a818b10553..., userDataDir: C:\Users\JENIFE~1.DSO\AppDa...}, goog:chromeOptions: {debuggerAddress: localhost:59224}, javascriptEnabled: true, networkConnectionEnabled: false, pageLoadStrategy: normal, platform: WINDOWS, platformName: WINDOWS, proxy: Proxy(), setWindowRect: true, strictFileInteractability: false, timeouts: {implicit: 0, pageLoad: 300000, script: 30000}, unhandledPromptBehavior: dismiss and notify, webauthn:extension:credBlob: true, webauthn:extension:largeBlob: true, webauthn:virtualAuthenticators: true}
Session ID: 130144326a124519214442289ddf380a
*** Element info: {Using=xpath, value=//button[@id=&amp;apos;delRoomBtn&amp;apos;]}">
      <![CDATA[org.openqa.selenium.NoSuchElementException: no such element: Unable to locate element: {"method":"xpath","selector":"//button[@id='delRoomBtn']"}
  (Session info: chrome=92.0.4515.159)
For documentation on this error, please visit: https://www.seleniumhq.org/exceptions/no_such_element.html
Build info: version: '3.141.59', revision: 'e82be7d358', time: '2018-11-14T08:17:03'
System info: host: 'BLRL-10BHW33', ip: '192.168.0.108', os.name: 'Windows 10', os.arch: 'amd64', os.version: '10.0', java.version: '16.0.1'
Driver info: org.openqa.selenium.chrome.ChromeDriver
Capabilities {acceptInsecureCerts: false, browserName: chrome, browserVersion: 92.0.4515.159, chrome: {chromedriverVersion: 92.0.4515.107 (87a818b10553..., userDataDir: C:\Users\JENIFE~1.DSO\AppDa...}, goog:chromeOptions: {debuggerAddress: localhost:59224}, javascriptEnabled: true, networkConnectionEnabled: false, pageLoadStrategy: normal, platform: WINDOWS, platformName: WINDOWS, proxy: Proxy(), setWindowRect: true, strictFileInteractability: false, timeouts: {implicit: 0, pageLoad: 300000, script: 30000}, unhandledPromptBehavior: dismiss and notify, webauthn:extension:credBlob: true, webauthn:extension:largeBlob: true, webauthn:virtualAuthenticators: true}
Session ID: 130144326a124519214442289ddf380a
*** Element info: {Using=xpath, value=//button[@id='delRoomBtn']}
at org.openqa.selenium.remote.http.W3CHttpResponseCodec.createException(W3CHttpResponseCodec.java:187)
at org.openqa.selenium.remote.http.W3CHttpResponseCodec.decode(W3CHttpResponseCodec.java:122)
at org.openqa.selenium.remote.http.W3CHttpResponseCodec.decode(W3CHttpResponseCodec.java:49)
at org.openqa.selenium.remote.HttpCommandExecutor.execute(HttpCommandExecutor.java:158)
at org.openqa.selenium.remote.service.DriverCommandExecutor.execute(DriverCommandExecutor.java:83)
at org.openqa.selenium.remote.RemoteWebDriver.execute(RemoteWebDriver.java:552)
at org.openqa.selenium.remote.RemoteWebDriver.findElement(RemoteWebDriver.java:323)
at org.openqa.selenium.remote.RemoteWebDriver.findElementByXPath(RemoteWebDriver.java:428)
at org.openqa.selenium.By$ByXPath.findElement(By.java:353)
at org.openqa.selenium.remote.RemoteWebDriver.findElement(RemoteWebDriver.java:315)
at iotConnect.DeleteRoom.deleteRoom(DeleteRoom.java:34)
at iotConnect.DeleteRoomTest.deleteRoom(DeleteRoomTest.java:31)
at java.base/java.util.ArrayList.forEach(ArrayList.java:1511)
at java.base/java.util.concurrent.FutureTask.run(FutureTask.java:264)
at java.base/java.util.concurrent.ThreadPoolExecutor.runWorker(ThreadPoolExecutor.java:1130)
at java.base/java.util.concurrent.ThreadPoolExecutor$Worker.run(ThreadPoolExecutor.java:630)
at java.base/java.lang.Thread.run(Thread.java:831)
... Removed 23 stack frames]]>
    </failure>
  </testcase> <!-- deleteRoom -->
  <testcase classname="iotConnect.AddRoomTest" name="addRoom" time="0.0">
    <ignored/>
  </testcase> <!-- addRoom -->
  <testcase classname="iotConnect.DeviceStatusTest" name="deviceStatus" time="0.0">
    <ignored/>
  </testcase> <!-- deviceStatus -->
  <testcase classname="iotConnect.ForgotPasswordTest" name="forgotPassword" time="0.0">
    <ignored/>
  </testcase> <!-- forgotPassword -->
  <testcase classname="iotConnect.CreateAccountTest" name="createAccount" time="0.0">
    <ignored/>
  </testcase> <!-- createAccount -->
  <testcase classname="iotConnect.MultiplewindowTest" name="multipleWindowTrigger" time="0.0">
    <ignored/>
  </testcase> <!-- multipleWindowTrigger -->
  <testcase classname="iotConnect.CodeActivationTest" name="Entercode" time="0.0">
    <ignored/>
  </testcase> <!-- Entercode -->
  <testcase classname="iotConnect.LoginAfterActivationTest" name="loginactivate" time="0.0">
    <ignored/>
  </testcase> <!-- loginactivate -->
  <testcase classname="iotConnect.LoginTest" name="login" time="0.0">
    <ignored/>
  </testcase> <!-- login -->
  <testcase classname="iotConnect.RelayONorOFFTest" name="relayTurnOnOff" time="0.0">
    <ignored/>
  </testcase> <!-- relayTurnOnOff -->
  <testcase classname="iotConnect.MinimiseTest" name="minimizeDeviceDetails" time="0.0">
    <ignored/>
  </testcase> <!-- minimizeDeviceDetails -->
</testsuite> <!-- Test -->
