<?xml version="1.0" encoding="UTF-8"?>
<testng-results ignored="0" total="1" passed="1" failed="0" skipped="0">
  <reporter-output>
  </reporter-output>
  <suite started-at="2020-01-24T15:39:18Z" name="iotConnect.DemoTest" finished-at="2020-01-24T15:39:18Z" duration-ms="44">
    <groups>
    </groups>
    <test started-at="2020-01-24T15:39:18Z" name="Command line test" finished-at="2020-01-24T15:39:18Z" duration-ms="44">
      <class name="iotConnect.DemoTest">
        <test-method signature="printtest()[pri:0, instance:iotConnect.DemoTest@48ae9b55]" started-at="2020-01-24T15:39:18Z" name="printtest" finished-at="2020-01-24T15:39:18Z" duration-ms="8" status="PASS">
          <reporter-output>
          </reporter-output>
        </test-method> <!-- printtest -->
      </class> <!-- iotConnect.DemoTest -->
    </test> <!-- Command line test -->
  </suite> <!-- iotConnect.DemoTest -->
</testng-results>
